<?xml version="1.0" encoding="UTF-8"?>
<!-- Generated by org.testng.reporters.JUnitReportReporter -->
<testsuite hostname="Admin" failures="0" tests="1" name="april2.FirstClass" time="0.005" errors="0" timestamp="2024-04-05T19:09:47 IST" skipped="0">
  <testcase classname="april2.FirstClass" name="f" time="0.005"/>
  <system-out/>
</testsuite> <!-- april2.FirstClass -->
