<?xml version="1.0" encoding="UTF-8"?>
<!-- Generated by org.testng.reporters.JUnitReportReporter -->
<testsuite hostname="Admin" failures="0" tests="3" name="april4.SecondTestNG" time="11.893" errors="0" timestamp="2024-04-05T19:18:40 IST" skipped="0">
  <testcase classname="april4.SecondTestNG" name="leave" time="3.927"/>
  <system-out>
    <![CDATA[Executing leave test]]>
  </system-out>
  <testcase classname="april4.SecondTestNG" name="pim" time="4.053"/>
  <system-out>
    <![CDATA[Executing pim test]]>
  </system-out>
  <testcase classname="april4.SecondTestNG" name="admin" time="3.913"/>
  <system-out>
    <![CDATA[Executing admin test]]>
  </system-out>
</testsuite> <!-- april4.SecondTestNG -->
