<?xml version="1.0" encoding="UTF-8"?>
<!-- Generated by org.testng.reporters.JUnitReportReporter -->
<testsuite hostname="Admin" failures="0" tests="3" name="april4.FirstTestNG" time="1.167" errors="0" timestamp="2024-04-05T19:18:40 IST" skipped="0">
  <testcase classname="april4.FirstTestNG" name="cbanking" time="0.343"/>
  <system-out>
    <![CDATA[Executing cbanking test]]>
  </system-out>
  <testcase classname="april4.FirstTestNG" name="ibanking" time="0.301"/>
  <system-out>
    <![CDATA[Executing ibanking test]]>
  </system-out>
  <testcase classname="april4.FirstTestNG" name="pbanking" time="0.523"/>
  <system-out>
    <![CDATA[Executing pbanking test]]>
  </system-out>
</testsuite> <!-- april4.FirstTestNG -->
